<?xml version="1.0" encoding="UTF-8"?>
<!-- Generated by org.testng.reporters.JUnitXMLReporter -->
<testsuite hostname="buli" ignored="0" name="threadTest2" tests="3" failures="0" timestamp="24 九月 2020 08:10:57 GMT" time="0.0" errors="0">
  <testcase name="test1" time="0.0" classname="com.trustkernel.kpp.api.testcase.MultiThreadOnXmlTest"/>
  <testcase name="test2" time="0.0" classname="com.trustkernel.kpp.api.testcase.MultiThreadOnXmlTest"/>
  <testcase name="test3" time="0.0" classname="com.trustkernel.kpp.api.testcase.MultiThreadOnXmlTest"/>
</testsuite> <!-- threadTest2 -->
