<?xml version="1.0" encoding="UTF-8"?>
<!-- Generated by org.testng.reporters.JUnitXMLReporter -->
<testsuite hostname="buli" ignored="0" name="DataProviderTest" tests="16" failures="0" timestamp="27 九月 2020 09:37:31 GMT" time="0.078" errors="0">
  <testcase name="getUser" time="0.016" classname="com.trustkernel.kpp.api.testcase.DataProviderTest"/>
  <testcase name="getUser" time="0.0" classname="com.trustkernel.kpp.api.testcase.DataProviderTest"/>
  <testcase name="getUser" time="0.0" classname="com.trustkernel.kpp.api.testcase.DataProviderTest"/>
  <testcase name="getUsers" time="0.0" classname="com.trustkernel.kpp.api.testcase.DataProviderTest"/>
  <testcase name="manyDataProviderTest" time="0.016" classname="com.trustkernel.kpp.api.testcase.DataProviderTest"/>
  <testcase name="manyDataProviderTest" time="0.0" classname="com.trustkernel.kpp.api.testcase.DataProviderTest"/>
  <testcase name="manyDataProviderTest" time="0.0" classname="com.trustkernel.kpp.api.testcase.DataProviderTest"/>
  <testcase name="manyDataProviderTest" time="0.0" classname="com.trustkernel.kpp.api.testcase.DataProviderTest"/>
  <testcase name="oneDataProviderTest" time="0.0" classname="com.trustkernel.kpp.api.testcase.DataProviderTest"/>
  <testcase name="oneDataProviderTest" time="0.0" classname="com.trustkernel.kpp.api.testcase.DataProviderTest"/>
  <testcase name="oneDataProviderTest" time="0.0" classname="com.trustkernel.kpp.api.testcase.DataProviderTest"/>
  <testcase name="oneDataProviderTest" time="0.0" classname="com.trustkernel.kpp.api.testcase.DataProviderTest"/>
  <testcase name="twoDataProviderTest" time="0.0" classname="com.trustkernel.kpp.api.testcase.DataProviderTest"/>
  <testcase name="twoDataProviderTest" time="0.031" classname="com.trustkernel.kpp.api.testcase.DataProviderTest"/>
  <testcase name="twoDataProviderTest" time="0.0" classname="com.trustkernel.kpp.api.testcase.DataProviderTest"/>
  <testcase name="twoDataProviderTest" time="0.0" classname="com.trustkernel.kpp.api.testcase.DataProviderTest"/>
</testsuite> <!-- DataProviderTest -->
