<?xml version="1.0" encoding="UTF-8"?>
<!-- Generated by org.testng.reporters.JUnitXMLReporter -->
<testsuite hostname="buli" ignored="0" name="PracticeTest" tests="5" failures="3" timestamp="27 九月 2020 10:21:50 GMT" time="2.858" errors="0">
  <testcase name="selectId" time="0.038" classname="com.trustkernel.kpp.api.testcase.PracticeTest"/>
  <testcase name="test" time="0.6" classname="com.trustkernel.kpp.api.testcase.PracticeTest">
    <failure type="java.lang.AssertionError" message="expected [10000] but found [40001]">
      <![CDATA[java.lang.AssertionError: expected [10000] but found [40001]
at com.trustkernel.kpp.api.testcase.PracticeTest.test(PracticeTest.java:38)
at org.springframework.test.context.testng.AbstractTestNGSpringContextTests.run(AbstractTestNGSpringContextTests.java:180)
... Removed 33 stack frames]]>
    </failure>
  </testcase> <!-- test -->
  <testcase name="test" time="0.106" classname="com.trustkernel.kpp.api.testcase.PracticeTest">
    <failure type="java.lang.AssertionError" message="expected [10000] but found [40001]">
      <![CDATA[java.lang.AssertionError: expected [10000] but found [40001]
at com.trustkernel.kpp.api.testcase.PracticeTest.test(PracticeTest.java:38)
at org.springframework.test.context.testng.AbstractTestNGSpringContextTests.run(AbstractTestNGSpringContextTests.java:180)
... Removed 33 stack frames]]>
    </failure>
  </testcase> <!-- test -->
  <testcase name="test" time="0.041" classname="com.trustkernel.kpp.api.testcase.PracticeTest">
    <failure type="java.lang.AssertionError" message="expected [10000] but found [41004]">
      <![CDATA[java.lang.AssertionError: expected [10000] but found [41004]
at com.trustkernel.kpp.api.testcase.PracticeTest.test(PracticeTest.java:38)
at org.springframework.test.context.testng.AbstractTestNGSpringContextTests.run(AbstractTestNGSpringContextTests.java:180)
... Removed 33 stack frames]]>
    </failure>
  </testcase> <!-- test -->
  <testcase name="test" time="0.04" classname="com.trustkernel.kpp.api.testcase.PracticeTest"/>
</testsuite> <!-- PracticeTest -->
