<?xml version="1.0" encoding="UTF-8"?>
<!-- Generated by org.testng.reporters.JUnitXMLReporter -->
<testsuite hostname="buli" ignored="0" name="SimpleTest" tests="3" failures="0" timestamp="23 九月 2020 10:13:05 GMT" time="0.021" errors="0">
  <testcase name="testAdd" time="0.004" classname="com.trustkernel.kpp.api.testcase.TsetNGSimpleTest"/>
  <testcase name="exit" time="0.001" classname="com.trustkernel.kpp.api.testcase.AnnotationsTest"/>
  <testcase name="login" time="0.001" classname="com.trustkernel.kpp.api.testcase.AnnotationsTest"/>
</testsuite> <!-- SimpleTest -->
