<?xml version="1.0" encoding="UTF-8"?>
<!-- Generated by org.testng.reporters.JUnitXMLReporter -->
<testsuite hostname="buli" ignored="1" name="IgnoreTest" tests="2" failures="0" timestamp="24 九月 2020 03:08:48 GMT" time="0.015" errors="0">
  <testcase name="ignore2" time="0.015" classname="com.trustkernel.kpp.api.testcase.IgnoreTest"/>
  <testcase name="ignore3" time="0.0" classname="com.trustkernel.kpp.api.testcase.IgnoreTest"/>
  <testcase name="ignore1" time="0.0" classname="com.trustkernel.kpp.api.testcase.IgnoreTest">
    <ignored/>
  </testcase> <!-- ignore1 -->
</testsuite> <!-- IgnoreTest -->
