<?xml version="1.0" encoding="UTF-8"?>
<testng-results skipped="0" failed="0" ignored="0" total="2" passed="2">
  <reporter-output>
  </reporter-output>
  <suite name="AnnotationsSuite" duration-ms="23" started-at="2020-10-29T03:31:12Z" finished-at="2020-10-29T03:31:12Z">
    <groups>
    </groups>
    <test name="AnnotationsTest" duration-ms="23" started-at="2020-10-29T03:31:12Z" finished-at="2020-10-29T03:31:12Z">
      <class name="com.trustkernel.kpp.api.testcase.AnnotationsTest">
        <test-method status="PASS" signature="beforeSuite()[pri:0, instance:com.trustkernel.kpp.api.testcase.AnnotationsTest@64d7f7e0]" name="beforeSuite" is-config="true" duration-ms="16" started-at="2020-10-29T03:31:12Z" finished-at="2020-10-29T03:31:12Z">
          <reporter-output>
          </reporter-output>
        </test-method> <!-- beforeSuite -->
        <test-method status="PASS" signature="beforeTest()[pri:0, instance:com.trustkernel.kpp.api.testcase.AnnotationsTest@64d7f7e0]" name="beforeTest" is-config="true" duration-ms="0" started-at="2020-10-29T03:31:12Z" finished-at="2020-10-29T03:31:12Z">
          <reporter-output>
          </reporter-output>
        </test-method> <!-- beforeTest -->
        <test-method status="PASS" signature="beforeMethod()[pri:0, instance:com.trustkernel.kpp.api.testcase.AnnotationsTest@64d7f7e0]" name="beforeMethod" is-config="true" duration-ms="0" started-at="2020-10-29T03:31:12Z" finished-at="2020-10-29T03:31:12Z">
          <reporter-output>
          </reporter-output>
        </test-method> <!-- beforeMethod -->
        <test-method status="PASS" signature="beforeClass()[pri:0, instance:com.trustkernel.kpp.api.testcase.AnnotationsTest@64d7f7e0]" name="beforeClass" is-config="true" duration-ms="0" started-at="2020-10-29T03:31:12Z" finished-at="2020-10-29T03:31:12Z">
          <reporter-output>
          </reporter-output>
        </test-method> <!-- beforeClass -->
        <test-method status="PASS" signature="exit()[pri:0, instance:com.trustkernel.kpp.api.testcase.AnnotationsTest@64d7f7e0]" name="exit" duration-ms="0" started-at="2020-10-29T03:31:12Z" finished-at="2020-10-29T03:31:12Z">
          <reporter-output>
          </reporter-output>
        </test-method> <!-- exit -->
        <test-method status="PASS" signature="afterMethod()[pri:0, instance:com.trustkernel.kpp.api.testcase.AnnotationsTest@64d7f7e0]" name="afterMethod" is-config="true" duration-ms="0" started-at="2020-10-29T03:31:12Z" finished-at="2020-10-29T03:31:12Z">
          <reporter-output>
          </reporter-output>
        </test-method> <!-- afterMethod -->
        <test-method status="PASS" signature="afterClass()[pri:0, instance:com.trustkernel.kpp.api.testcase.AnnotationsTest@64d7f7e0]" name="afterClass" is-config="true" duration-ms="0" started-at="2020-10-29T03:31:12Z" finished-at="2020-10-29T03:31:12Z">
          <reporter-output>
          </reporter-output>
        </test-method> <!-- afterClass -->
        <test-method status="PASS" signature="afterTest()[pri:0, instance:com.trustkernel.kpp.api.testcase.AnnotationsTest@64d7f7e0]" name="afterTest" is-config="true" duration-ms="0" started-at="2020-10-29T03:31:12Z" finished-at="2020-10-29T03:31:12Z">
          <reporter-output>
          </reporter-output>
        </test-method> <!-- afterTest -->
        <test-method status="PASS" signature="afterMethod()[pri:0, instance:com.trustkernel.kpp.api.testcase.AnnotationsTest@64d7f7e0]" name="afterMethod" is-config="true" duration-ms="0" started-at="2020-10-29T03:31:12Z" finished-at="2020-10-29T03:31:12Z">
          <reporter-output>
          </reporter-output>
        </test-method> <!-- afterMethod -->
        <test-method status="PASS" signature="login()[pri:0, instance:com.trustkernel.kpp.api.testcase.AnnotationsTest@64d7f7e0]" name="login" duration-ms="0" started-at="2020-10-29T03:31:12Z" finished-at="2020-10-29T03:31:12Z">
          <reporter-output>
          </reporter-output>
        </test-method> <!-- login -->
        <test-method status="PASS" signature="beforeMethod()[pri:0, instance:com.trustkernel.kpp.api.testcase.AnnotationsTest@64d7f7e0]" name="beforeMethod" is-config="true" duration-ms="0" started-at="2020-10-29T03:31:12Z" finished-at="2020-10-29T03:31:12Z">
          <reporter-output>
          </reporter-output>
        </test-method> <!-- beforeMethod -->
        <test-method status="PASS" signature="afterSuite()[pri:0, instance:com.trustkernel.kpp.api.testcase.AnnotationsTest@64d7f7e0]" name="afterSuite" is-config="true" duration-ms="0" started-at="2020-10-29T03:31:12Z" finished-at="2020-10-29T03:31:12Z">
          <reporter-output>
          </reporter-output>
        </test-method> <!-- afterSuite -->
      </class> <!-- com.trustkernel.kpp.api.testcase.AnnotationsTest -->
    </test> <!-- AnnotationsTest -->
  </suite> <!-- AnnotationsSuite -->
</testng-results>
