<?xml version="1.0" encoding="UTF-8"?>
<!-- Generated by org.testng.reporters.JUnitXMLReporter -->
<testsuite hostname="buli" ignored="2" name="GroupsOnClassTest" tests="4" failures="0" timestamp="27 九月 2020 10:18:26 GMT" time="0.0" errors="0">
  <testcase name="max1" time="0.0" classname="com.trustkernel.kpp.api.testcase.groups.GroupsOnClassTest1"/>
  <testcase name="max2" time="0.0" classname="com.trustkernel.kpp.api.testcase.groups.GroupsOnClassTest1"/>
  <testcase name="max1" time="0.0" classname="com.trustkernel.kpp.api.testcase.groups.GroupsOnClassTest2"/>
  <testcase name="max2" time="0.0" classname="com.trustkernel.kpp.api.testcase.groups.GroupsOnClassTest2"/>
  <testcase name="min2" time="0.0" classname="com.trustkernel.kpp.api.testcase.groups.GroupsOnClassTest3">
    <ignored/>
  </testcase> <!-- min2 -->
  <testcase name="min1" time="0.0" classname="com.trustkernel.kpp.api.testcase.groups.GroupsOnClassTest3">
    <ignored/>
  </testcase> <!-- min1 -->
</testsuite> <!-- GroupsOnClassTest -->
