<?xml version="1.0" encoding="UTF-8"?>
<!-- Generated by org.testng.reporters.JUnitXMLReporter -->
<testsuite hostname="buli" ignored="4" name="GroupsOnMethodTest" tests="3" failures="0" timestamp="27 九月 2020 10:18:26 GMT" time="0.031" errors="0">
  <testcase name="clientTest1" time="0.015" classname="com.trustkernel.kpp.api.testcase.groups.GroupsOnMethodTest"/>
  <testcase name="clientTest2" time="0.0" classname="com.trustkernel.kpp.api.testcase.groups.GroupsOnMethodTest"/>
  <testcase name="serverClientTest" time="0.0" classname="com.trustkernel.kpp.api.testcase.groups.GroupsOnMethodTest"/>
  <testcase name="serverTest1" time="0.0" classname="com.trustkernel.kpp.api.testcase.groups.GroupsOnMethodTest">
    <ignored/>
  </testcase> <!-- serverTest1 -->
  <testcase name="thirdParty1" time="0.0" classname="com.trustkernel.kpp.api.testcase.groups.GroupsOnMethodTest">
    <ignored/>
  </testcase> <!-- thirdParty1 -->
  <testcase name="serverTest2" time="0.0" classname="com.trustkernel.kpp.api.testcase.groups.GroupsOnMethodTest">
    <ignored/>
  </testcase> <!-- serverTest2 -->
  <testcase name="thirdParty2" time="0.0" classname="com.trustkernel.kpp.api.testcase.groups.GroupsOnMethodTest">
    <ignored/>
  </testcase> <!-- thirdParty2 -->
</testsuite> <!-- GroupsOnMethodTest -->
